<html>
<head>
<title>TestNG:  Chrome Test</title>
<link href="../testng.css" rel="stylesheet" type="text/css" />
<link href="../my-testng.css" rel="stylesheet" type="text/css" />

<style type="text/css">
.log { display: none;} 
.stack-trace { display: none;} 
</style>
<script type="text/javascript">
<!--
function flip(e) {
  current = e.style.display;
  if (current == 'block') {
    e.style.display = 'none';
    return 0;
  }
  else {
    e.style.display = 'block';
    return 1;
  }
}

function toggleBox(szDivId, elem, msg1, msg2)
{
  var res = -1;  if (document.getElementById) {
    res = flip(document.getElementById(szDivId));
  }
  else if (document.all) {
    // this is the way old msie versions work
    res = flip(document.all[szDivId]);
  }
  if(elem) {
    if(res == 0) elem.innerHTML = msg1; else elem.innerHTML = msg2;
  }

}

function toggleAllBoxes() {
  if (document.getElementsByTagName) {
    d = document.getElementsByTagName('div');
    for (i = 0; i < d.length; i++) {
      if (d[i].className == 'log') {
        flip(d[i]);
      }
    }
  }
}

// -->
</script>

</head>
<body>
<h2 align='center'>Chrome Test</h2><table border='1' align="center">
<tr>
<td>Tests passed/Failed/Skipped:</td><td>15/2/1</td>
</tr><tr>
<td>Started on:</td><td>Wed Nov 07 12:33:47 IST 2018</td>
</tr>
<tr><td>Total time:</td><td>475 seconds (475813 ms)</td>
</tr><tr>
<td>Included groups:</td><td></td>
</tr><tr>
<td>Excluded groups:</td><td></td>
</tr>
</table><p/>
<small><i>(Hover the method name to see the test class name)</i></small><p/>
<table width='100%' border='1' class='invocation-failed'>
<tr><td colspan='4' align='center'><b>FAILED TESTS</b></td></tr>
<tr><td><b>Test method</b></td>
<td width="30%"><b>Exception</b></td>
<td width="10%"><b>Time (seconds)</b></td>
<td><b>Instance</b></td>
</tr>
<tr>
<td title='TestScripts.BaseSuiteFile.TC07_Reporting()'><b>TC07_Reporting</b><br>Test class: TestScripts.BaseSuiteFile<br>Test method: Report Category and Report creation With Manager Login</td>
<td><div><pre>junit.framework.AssertionFailedError: Report Creation Failed org.openqa.selenium.WebDriverException: unknown error: Element &lt;button data-ctl=&quot;&quot; data-click=&quot;[[&amp;quot;processAction&amp;quot;, [&amp;quot;pzNewReportFA7&amp;quot;,&amp;quot;true&amp;quot;,&amp;quot;:event&amp;quot;,&amp;quot;&amp;quot;,&amp;quot;Rule-HTML-Section&amp;quot;,&amp;quot;&amp;quot;,&amp;quot;pyNewReportModalTemplate7&amp;quot;,&amp;quot;anim-bottom&amp;quot;,&amp;quot;anim-bottom&amp;quot;,&amp;quot;Data-Report-Browser&amp;quot;,&amp;quot;Data-Report-Browser&amp;quot;,&amp;quot;false&amp;quot;,&amp;quot;false&amp;quot;]]]&quot; name=&quot;pyCMReportBrowserHeader_D_pzReportBrowser7_4&quot; class=&quot;pzhc pzbutton&quot; type=&quot;button&quot; title=&quot;&quot; alt=&quot;&quot;&gt;...&lt;/button&gt; is not clickable at point (1136, 25). Other element would receive the click: &lt;div class=&quot;modal-align-cell&quot;&gt;...&lt;/div&gt;
  (Session info: chrome=65.0.3325.162)
  (Driver info: chromedriver=2.36.540470 (e522d04694c7ebea4ba8821272dbef4f9b818c91),platform=Windows NT 10.0.16299 x86_64) (WARNING: The server did not provide any stacktrace information)
Command duration or timeout: 0 milliseconds
Build info: version: &apos;3.12.0&apos;, revision: &apos;7c6e0b3&apos;, time: &apos;2018-05-08T14:04:26.12Z&apos;
System info: host: &apos;L-156141652&apos;, ip: &apos;192.168.1.8&apos;, os.name: &apos;Windows 10&apos;, os.arch: &apos;amd64&apos;, os.version: &apos;10.0&apos;, java.version: &apos;10.0.2&apos;
Driver info: org.openqa.selenium.chrome.ChromeDriver
Capabilities {acceptInsecureCerts: false, acceptSslCerts: false, applicationCacheEnabled: false, browserConnectionEnabled: false, browserName: chrome, chrome: {chromedriverVersion: 2.36.540470 (e522d04694c7eb..., userDataDir: C:\Users\sw20041258\AppData...}, cssSelectorsEnabled: true, databaseEnabled: false, handlesAlerts: true, hasTouchScreen: false, javascriptEnabled: true, locationContextEnabled: true, mobileEmulationEnabled: false, nativeEvents: true, networkConnectionEnabled: false, pageLoadStrategy: normal, platform: XP, platformName: XP, rotatable: false, setWindowRect: true, takesHeapSnapshot: true, takesScreenshot: true, unexpectedAlertBehaviour: , unhandledPromptBehavior: , version: 65.0.3325.162, webStorageEnabled: true}
Session ID: 346de8400ccbd4426b9a681b07b72340
	at junit.framework.Assert.fail(Assert.java:47)
	at LibraryFiles.ReUsableLibrary.createAReport(ReUsableLibrary.java:1135)
	at TestScripts.TC07_Reporting.reporting(TC07_Reporting.java:32)
	at TestScripts.BaseSuiteFile.TC07_Reporting(BaseSuiteFile.java:199)
... Removed 25 stack frames</pre></div><a href='#' onClick='toggleBox("stack-trace644163395", this, "Click to show all stack frames", "Click to hide stack frames")'>Click to show all stack frames</a>
<div class='stack-trace' id='stack-trace644163395'><pre>junit.framework.AssertionFailedError: Report Creation Failed org.openqa.selenium.WebDriverException: unknown error: Element &lt;button data-ctl=&quot;&quot; data-click=&quot;[[&amp;quot;processAction&amp;quot;, [&amp;quot;pzNewReportFA7&amp;quot;,&amp;quot;true&amp;quot;,&amp;quot;:event&amp;quot;,&amp;quot;&amp;quot;,&amp;quot;Rule-HTML-Section&amp;quot;,&amp;quot;&amp;quot;,&amp;quot;pyNewReportModalTemplate7&amp;quot;,&amp;quot;anim-bottom&amp;quot;,&amp;quot;anim-bottom&amp;quot;,&amp;quot;Data-Report-Browser&amp;quot;,&amp;quot;Data-Report-Browser&amp;quot;,&amp;quot;false&amp;quot;,&amp;quot;false&amp;quot;]]]&quot; name=&quot;pyCMReportBrowserHeader_D_pzReportBrowser7_4&quot; class=&quot;pzhc pzbutton&quot; type=&quot;button&quot; title=&quot;&quot; alt=&quot;&quot;&gt;...&lt;/button&gt; is not clickable at point (1136, 25). Other element would receive the click: &lt;div class=&quot;modal-align-cell&quot;&gt;...&lt;/div&gt;
  (Session info: chrome=65.0.3325.162)
  (Driver info: chromedriver=2.36.540470 (e522d04694c7ebea4ba8821272dbef4f9b818c91),platform=Windows NT 10.0.16299 x86_64) (WARNING: The server did not provide any stacktrace information)
Command duration or timeout: 0 milliseconds
Build info: version: &apos;3.12.0&apos;, revision: &apos;7c6e0b3&apos;, time: &apos;2018-05-08T14:04:26.12Z&apos;
System info: host: &apos;L-156141652&apos;, ip: &apos;192.168.1.8&apos;, os.name: &apos;Windows 10&apos;, os.arch: &apos;amd64&apos;, os.version: &apos;10.0&apos;, java.version: &apos;10.0.2&apos;
Driver info: org.openqa.selenium.chrome.ChromeDriver
Capabilities {acceptInsecureCerts: false, acceptSslCerts: false, applicationCacheEnabled: false, browserConnectionEnabled: false, browserName: chrome, chrome: {chromedriverVersion: 2.36.540470 (e522d04694c7eb..., userDataDir: C:\Users\sw20041258\AppData...}, cssSelectorsEnabled: true, databaseEnabled: false, handlesAlerts: true, hasTouchScreen: false, javascriptEnabled: true, locationContextEnabled: true, mobileEmulationEnabled: false, nativeEvents: true, networkConnectionEnabled: false, pageLoadStrategy: normal, platform: XP, platformName: XP, rotatable: false, setWindowRect: true, takesHeapSnapshot: true, takesScreenshot: true, unexpectedAlertBehaviour: , unhandledPromptBehavior: , version: 65.0.3325.162, webStorageEnabled: true}
Session ID: 346de8400ccbd4426b9a681b07b72340
	at junit.framework.Assert.fail(Assert.java:47)
	at LibraryFiles.ReUsableLibrary.createAReport(ReUsableLibrary.java:1135)
	at TestScripts.TC07_Reporting.reporting(TC07_Reporting.java:32)
	at TestScripts.BaseSuiteFile.TC07_Reporting(BaseSuiteFile.java:199)
	at java.base/jdk.internal.reflect.NativeMethodAccessorImpl.invoke0(Native Method)
	at java.base/jdk.internal.reflect.NativeMethodAccessorImpl.invoke(NativeMethodAccessorImpl.java:62)
	at java.base/jdk.internal.reflect.DelegatingMethodAccessorImpl.invoke(DelegatingMethodAccessorImpl.java:43)
	at java.base/java.lang.reflect.Method.invoke(Method.java:564)
	at org.testng.internal.MethodInvocationHelper.invokeMethod(MethodInvocationHelper.java:124)
	at org.testng.internal.Invoker.invokeMethod(Invoker.java:583)
	at org.testng.internal.Invoker.invokeTestMethod(Invoker.java:719)
	at org.testng.internal.Invoker.invokeTestMethods(Invoker.java:989)
	at org.testng.internal.TestMethodWorker.invokeTestMethods(TestMethodWorker.java:125)
	at org.testng.internal.TestMethodWorker.run(TestMethodWorker.java:109)
	at org.testng.TestRunner.privateRun(TestRunner.java:648)
	at org.testng.TestRunner.run(TestRunner.java:505)
	at org.testng.SuiteRunner.runTest(SuiteRunner.java:455)
	at org.testng.SuiteRunner.runSequentially(SuiteRunner.java:450)
	at org.testng.SuiteRunner.privateRun(SuiteRunner.java:415)
	at org.testng.SuiteRunner.run(SuiteRunner.java:364)
	at org.testng.SuiteRunnerWorker.runSuite(SuiteRunnerWorker.java:52)
	at org.testng.SuiteRunnerWorker.run(SuiteRunnerWorker.java:84)
	at org.testng.TestNG.runSuitesSequentially(TestNG.java:1208)
	at org.testng.TestNG.runSuitesLocally(TestNG.java:1137)
	at org.testng.TestNG.runSuites(TestNG.java:1049)
	at org.testng.TestNG.run(TestNG.java:1017)
	at org.testng.remote.AbstractRemoteTestNG.run(AbstractRemoteTestNG.java:114)
	at org.testng.remote.RemoteTestNG.initAndRun(RemoteTestNG.java:251)
	at org.testng.remote.RemoteTestNG.main(RemoteTestNG.java:77)
</pre></div></td>
<td>15</td>
<td>TestScripts.BaseSuiteFile@514646ef</td></tr>
<tr>
<td title='TestScripts.BaseSuiteFile.TC09_WorkFlowSSV()'><b>TC09_WorkFlowSSV</b><br>Test class: TestScripts.BaseSuiteFile<br>Test method: WorkFlow Server Side Validations</td>
<td><div><pre>junit.framework.AssertionFailedError: Server Side Validations Failedorg.openqa.selenium.NoSuchElementException: no such element: Unable to locate element: {&quot;method&quot;:&quot;id&quot;,&quot;selector&quot;:&quot;FirstName&quot;}
  (Session info: chrome=65.0.3325.162)
  (Driver info: chromedriver=2.36.540470 (e522d04694c7ebea4ba8821272dbef4f9b818c91),platform=Windows NT 10.0.16299 x86_64) (WARNING: The server did not provide any stacktrace information)
Command duration or timeout: 0 milliseconds
For documentation on this error, please visit: http://seleniumhq.org/exceptions/no_such_element.html
Build info: version: &apos;3.12.0&apos;, revision: &apos;7c6e0b3&apos;, time: &apos;2018-05-08T14:04:26.12Z&apos;
System info: host: &apos;L-156141652&apos;, ip: &apos;192.168.1.8&apos;, os.name: &apos;Windows 10&apos;, os.arch: &apos;amd64&apos;, os.version: &apos;10.0&apos;, java.version: &apos;10.0.2&apos;
Driver info: org.openqa.selenium.chrome.ChromeDriver
Capabilities {acceptInsecureCerts: false, acceptSslCerts: false, applicationCacheEnabled: false, browserConnectionEnabled: false, browserName: chrome, chrome: {chromedriverVersion: 2.36.540470 (e522d04694c7eb..., userDataDir: C:\Users\sw20041258\AppData...}, cssSelectorsEnabled: true, databaseEnabled: false, handlesAlerts: true, hasTouchScreen: false, javascriptEnabled: true, locationContextEnabled: true, mobileEmulationEnabled: false, nativeEvents: true, networkConnectionEnabled: false, pageLoadStrategy: normal, platform: XP, platformName: XP, rotatable: false, setWindowRect: true, takesHeapSnapshot: true, takesScreenshot: true, unexpectedAlertBehaviour: , unhandledPromptBehavior: , version: 65.0.3325.162, webStorageEnabled: true}
Session ID: b51af62aa6048059a3e6ac76de650b5b
*** Element info: {Using=id, value=FirstName}
	at junit.framework.Assert.fail(Assert.java:47)
	at LibraryFiles.ReUsableLibrary.serverSideValidations(ReUsableLibrary.java:1261)
	at TestScripts.TC09_WorkFlowSSV.SSV(TC09_WorkFlowSSV.java:13)
	at TestScripts.BaseSuiteFile.TC09_WorkFlowSSV(BaseSuiteFile.java:209)
... Removed 25 stack frames</pre></div><a href='#' onClick='toggleBox("stack-trace184978911", this, "Click to show all stack frames", "Click to hide stack frames")'>Click to show all stack frames</a>
<div class='stack-trace' id='stack-trace184978911'><pre>junit.framework.AssertionFailedError: Server Side Validations Failedorg.openqa.selenium.NoSuchElementException: no such element: Unable to locate element: {&quot;method&quot;:&quot;id&quot;,&quot;selector&quot;:&quot;FirstName&quot;}
  (Session info: chrome=65.0.3325.162)
  (Driver info: chromedriver=2.36.540470 (e522d04694c7ebea4ba8821272dbef4f9b818c91),platform=Windows NT 10.0.16299 x86_64) (WARNING: The server did not provide any stacktrace information)
Command duration or timeout: 0 milliseconds
For documentation on this error, please visit: http://seleniumhq.org/exceptions/no_such_element.html
Build info: version: &apos;3.12.0&apos;, revision: &apos;7c6e0b3&apos;, time: &apos;2018-05-08T14:04:26.12Z&apos;
System info: host: &apos;L-156141652&apos;, ip: &apos;192.168.1.8&apos;, os.name: &apos;Windows 10&apos;, os.arch: &apos;amd64&apos;, os.version: &apos;10.0&apos;, java.version: &apos;10.0.2&apos;
Driver info: org.openqa.selenium.chrome.ChromeDriver
Capabilities {acceptInsecureCerts: false, acceptSslCerts: false, applicationCacheEnabled: false, browserConnectionEnabled: false, browserName: chrome, chrome: {chromedriverVersion: 2.36.540470 (e522d04694c7eb..., userDataDir: C:\Users\sw20041258\AppData...}, cssSelectorsEnabled: true, databaseEnabled: false, handlesAlerts: true, hasTouchScreen: false, javascriptEnabled: true, locationContextEnabled: true, mobileEmulationEnabled: false, nativeEvents: true, networkConnectionEnabled: false, pageLoadStrategy: normal, platform: XP, platformName: XP, rotatable: false, setWindowRect: true, takesHeapSnapshot: true, takesScreenshot: true, unexpectedAlertBehaviour: , unhandledPromptBehavior: , version: 65.0.3325.162, webStorageEnabled: true}
Session ID: b51af62aa6048059a3e6ac76de650b5b
*** Element info: {Using=id, value=FirstName}
	at junit.framework.Assert.fail(Assert.java:47)
	at LibraryFiles.ReUsableLibrary.serverSideValidations(ReUsableLibrary.java:1261)
	at TestScripts.TC09_WorkFlowSSV.SSV(TC09_WorkFlowSSV.java:13)
	at TestScripts.BaseSuiteFile.TC09_WorkFlowSSV(BaseSuiteFile.java:209)
	at java.base/jdk.internal.reflect.NativeMethodAccessorImpl.invoke0(Native Method)
	at java.base/jdk.internal.reflect.NativeMethodAccessorImpl.invoke(NativeMethodAccessorImpl.java:62)
	at java.base/jdk.internal.reflect.DelegatingMethodAccessorImpl.invoke(DelegatingMethodAccessorImpl.java:43)
	at java.base/java.lang.reflect.Method.invoke(Method.java:564)
	at org.testng.internal.MethodInvocationHelper.invokeMethod(MethodInvocationHelper.java:124)
	at org.testng.internal.Invoker.invokeMethod(Invoker.java:583)
	at org.testng.internal.Invoker.invokeTestMethod(Invoker.java:719)
	at org.testng.internal.Invoker.invokeTestMethods(Invoker.java:989)
	at org.testng.internal.TestMethodWorker.invokeTestMethods(TestMethodWorker.java:125)
	at org.testng.internal.TestMethodWorker.run(TestMethodWorker.java:109)
	at org.testng.TestRunner.privateRun(TestRunner.java:648)
	at org.testng.TestRunner.run(TestRunner.java:505)
	at org.testng.SuiteRunner.runTest(SuiteRunner.java:455)
	at org.testng.SuiteRunner.runSequentially(SuiteRunner.java:450)
	at org.testng.SuiteRunner.privateRun(SuiteRunner.java:415)
	at org.testng.SuiteRunner.run(SuiteRunner.java:364)
	at org.testng.SuiteRunnerWorker.runSuite(SuiteRunnerWorker.java:52)
	at org.testng.SuiteRunnerWorker.run(SuiteRunnerWorker.java:84)
	at org.testng.TestNG.runSuitesSequentially(TestNG.java:1208)
	at org.testng.TestNG.runSuitesLocally(TestNG.java:1137)
	at org.testng.TestNG.runSuites(TestNG.java:1049)
	at org.testng.TestNG.run(TestNG.java:1017)
	at org.testng.remote.AbstractRemoteTestNG.run(AbstractRemoteTestNG.java:114)
	at org.testng.remote.RemoteTestNG.initAndRun(RemoteTestNG.java:251)
	at org.testng.remote.RemoteTestNG.main(RemoteTestNG.java:77)
</pre></div></td>
<td>50</td>
<td>TestScripts.BaseSuiteFile@514646ef</td></tr>
</table><p>
<table width='100%' border='1' class='invocation-passed'>
<tr><td colspan='4' align='center'><b>PASSED TESTS</b></td></tr>
<tr><td><b>Test method</b></td>
<td width="30%"><b>Exception</b></td>
<td width="10%"><b>Time (seconds)</b></td>
<td><b>Instance</b></td>
</tr>
<tr>
<td title='TestScripts.BaseSuiteFile.TC01_UserLogin()'><b>TC01_UserLogin</b><br>Test class: TestScripts.BaseSuiteFile<br>Test method: Login to The Portal using User Logins</td>
<td></td>
<td>7</td>
<td>TestScripts.BaseSuiteFile@514646ef</td></tr>
<tr>
<td title='TestScripts.BaseSuiteFile.TC02_ManagerLogin()'><b>TC02_ManagerLogin</b><br>Test class: TestScripts.BaseSuiteFile<br>Test method: Login to The Portal using Manager Logins</td>
<td></td>
<td>4</td>
<td>TestScripts.BaseSuiteFile@514646ef</td></tr>
<tr>
<td title='TestScripts.BaseSuiteFile.TC03_NewUserE2EFlow()'><b>TC03_NewUserE2EFlow</b><br>Test class: TestScripts.BaseSuiteFile<br>Test method: Login to The Portal using User Logins and create an End to End Flow</td>
<td></td>
<td>12</td>
<td>TestScripts.BaseSuiteFile@514646ef</td></tr>
<tr>
<td title='TestScripts.BaseSuiteFile.TC04_LoginWithDiffUsers()'><b>TC04_LoginWithDiffUsers</b><br>Test class: TestScripts.BaseSuiteFile<br>Test method: Login to The Portal using different Logins from the dataprovider<br>Parameters: loanccdemouser1, rules</td>
<td></td>
<td>9</td>
<td>TestScripts.BaseSuiteFile@514646ef</td></tr>
<tr>
<td title='TestScripts.BaseSuiteFile.TC04_LoginWithDiffUsers()'><b>TC04_LoginWithDiffUsers</b><br>Test class: TestScripts.BaseSuiteFile<br>Test method: Login to The Portal using different Logins from the dataprovider<br>Parameters: loanccdemomanager1, rules</td>
<td></td>
<td>11</td>
<td>TestScripts.BaseSuiteFile@514646ef</td></tr>
<tr>
<td title='TestScripts.BaseSuiteFile.TC04_LoginWithDiffUsers()'><b>TC04_LoginWithDiffUsers</b><br>Test class: TestScripts.BaseSuiteFile<br>Test method: Login to The Portal using different Logins from the dataprovider<br>Parameters: admin.loancc, rules</td>
<td></td>
<td>12</td>
<td>TestScripts.BaseSuiteFile@514646ef</td></tr>
<tr>
<td title='TestScripts.BaseSuiteFile.TC05_RoleBasedSecurity()'><b>TC05_RoleBasedSecurity</b><br>Test class: TestScripts.BaseSuiteFile<br>Test method: Role Based Security</td>
<td></td>
<td>19</td>
<td>TestScripts.BaseSuiteFile@514646ef</td></tr>
<tr>
<td title='TestScripts.BaseSuiteFile.TC06_BusinessRulesAndDecisioning()'><b>TC06_BusinessRulesAndDecisioning</b><br>Test class: TestScripts.BaseSuiteFile<br>Test method: Business Rules And Decisioning<br>Parameters: 1000, Credit Card, Approved, Approved, Approved</td>
<td></td>
<td>49</td>
<td>TestScripts.BaseSuiteFile@514646ef</td></tr>
<tr>
<td title='TestScripts.BaseSuiteFile.TC06_BusinessRulesAndDecisioning()'><b>TC06_BusinessRulesAndDecisioning</b><br>Test class: TestScripts.BaseSuiteFile<br>Test method: Business Rules And Decisioning<br>Parameters: 260000, Credit Card, Approved, Approved, Rejected</td>
<td></td>
<td>31</td>
<td>TestScripts.BaseSuiteFile@514646ef</td></tr>
<tr>
<td title='TestScripts.BaseSuiteFile.TC08_WorkFlowCSV()'><b>TC08_WorkFlowCSV</b><br>Test class: TestScripts.BaseSuiteFile<br>Test method: WorkFlow Client Side Validations</td>
<td></td>
<td>27</td>
<td>TestScripts.BaseSuiteFile@514646ef</td></tr>
<tr>
<td title='TestScripts.BaseSuiteFile.TC10_validateSLA()'><b>TC10_validateSLA</b><br>Test class: TestScripts.BaseSuiteFile<br>Test method: Validate SLA</td>
<td></td>
<td>100</td>
<td>TestScripts.BaseSuiteFile@514646ef</td></tr>
<tr>
<td title='TestScripts.BaseSuiteFile.TC11_E2EFlowInMultiBrowsers()'><b>TC11_E2EFlowInMultiBrowsers</b><br>Test class: TestScripts.BaseSuiteFile<br>Test method: Validate End To End Flows in Different Browsers</td>
<td></td>
<td>10</td>
<td>TestScripts.BaseSuiteFile@514646ef</td></tr>
<tr>
<td title='TestScripts.BaseSuiteFile.TC12_SkillBasedRouting()'><b>TC12_SkillBasedRouting</b><br>Test class: TestScripts.BaseSuiteFile<br>Test method: Validate Skill Based Routing</td>
<td></td>
<td>0</td>
<td>TestScripts.BaseSuiteFile@514646ef</td></tr>
<tr>
<td title='TestScripts.BaseSuiteFile.TC13_GetNextWork()'><b>TC13_GetNextWork</b><br>Test class: TestScripts.BaseSuiteFile<br>Test method: Validate Get Next Work</td>
<td></td>
<td>0</td>
<td>TestScripts.BaseSuiteFile@514646ef</td></tr>
<tr>
<td title='TestScripts.BaseSuiteFile.TC14_WorkBaskets()'><b>TC14_WorkBaskets</b><br>Test class: TestScripts.BaseSuiteFile<br>Test method: Validate WorkBaskets</td>
<td></td>
<td>0</td>
<td>TestScripts.BaseSuiteFile@514646ef</td></tr>
</table><p>
<table width='100%' border='1' class='invocation-skipped'>
<tr><td colspan='4' align='center'><b>SKIPPED TESTS</b></td></tr>
<tr><td><b>Test method</b></td>
<td width="30%"><b>Exception</b></td>
<td width="10%"><b>Time (seconds)</b></td>
<td><b>Instance</b></td>
</tr>
<tr>
<td title='TestScripts.BaseSuiteFile.TC04_Test()'><b>TC04_Test</b><br>Test class: TestScripts.BaseSuiteFile<br>Test method: Just for skipping a test</td>
<td><div><pre>org.testng.SkipException: Skipped Test
	at TestScripts.BaseSuiteFile.TC04_Test(BaseSuiteFile.java:184)
... Removed 25 stack frames</pre></div><a href='#' onClick='toggleBox("stack-trace567163682", this, "Click to show all stack frames", "Click to hide stack frames")'>Click to show all stack frames</a>
<div class='stack-trace' id='stack-trace567163682'><pre>org.testng.SkipException: Skipped Test
	at TestScripts.BaseSuiteFile.TC04_Test(BaseSuiteFile.java:184)
	at java.base/jdk.internal.reflect.NativeMethodAccessorImpl.invoke0(Native Method)
	at java.base/jdk.internal.reflect.NativeMethodAccessorImpl.invoke(NativeMethodAccessorImpl.java:62)
	at java.base/jdk.internal.reflect.DelegatingMethodAccessorImpl.invoke(DelegatingMethodAccessorImpl.java:43)
	at java.base/java.lang.reflect.Method.invoke(Method.java:564)
	at org.testng.internal.MethodInvocationHelper.invokeMethod(MethodInvocationHelper.java:124)
	at org.testng.internal.Invoker.invokeMethod(Invoker.java:583)
	at org.testng.internal.Invoker.invokeTestMethod(Invoker.java:719)
	at org.testng.internal.Invoker.invokeTestMethods(Invoker.java:989)
	at org.testng.internal.TestMethodWorker.invokeTestMethods(TestMethodWorker.java:125)
	at org.testng.internal.TestMethodWorker.run(TestMethodWorker.java:109)
	at org.testng.TestRunner.privateRun(TestRunner.java:648)
	at org.testng.TestRunner.run(TestRunner.java:505)
	at org.testng.SuiteRunner.runTest(SuiteRunner.java:455)
	at org.testng.SuiteRunner.runSequentially(SuiteRunner.java:450)
	at org.testng.SuiteRunner.privateRun(SuiteRunner.java:415)
	at org.testng.SuiteRunner.run(SuiteRunner.java:364)
	at org.testng.SuiteRunnerWorker.runSuite(SuiteRunnerWorker.java:52)
	at org.testng.SuiteRunnerWorker.run(SuiteRunnerWorker.java:84)
	at org.testng.TestNG.runSuitesSequentially(TestNG.java:1208)
	at org.testng.TestNG.runSuitesLocally(TestNG.java:1137)
	at org.testng.TestNG.runSuites(TestNG.java:1049)
	at org.testng.TestNG.run(TestNG.java:1017)
	at org.testng.remote.AbstractRemoteTestNG.run(AbstractRemoteTestNG.java:114)
	at org.testng.remote.RemoteTestNG.initAndRun(RemoteTestNG.java:251)
	at org.testng.remote.RemoteTestNG.main(RemoteTestNG.java:77)
</pre></div></td>
<td>0</td>
<td>TestScripts.BaseSuiteFile@514646ef</td></tr>
</table><p>
</body>
</html>