<?xml version="1.0" encoding="UTF-8"?>
<!-- Generated by org.testng.reporters.JUnitXMLReporter -->
<testsuite ignored="0" hostname="L-156141652" failures="2" tests="18" name="Chrome Test" time="475.813" errors="0" timestamp="07 Nov 2018 07:11:43 GMT">
  <testcase classname="TestScripts.BaseSuiteFile" name="TC01_UserLogin" time="7.497"/>
  <testcase classname="TestScripts.BaseSuiteFile" name="TC02_ManagerLogin" time="4.212"/>
  <testcase classname="TestScripts.BaseSuiteFile" name="TC03_NewUserE2EFlow" time="12.352"/>
  <testcase classname="TestScripts.BaseSuiteFile" name="TC04_LoginWithDiffUsers" time="9.089"/>
  <testcase classname="TestScripts.BaseSuiteFile" name="TC04_LoginWithDiffUsers" time="11.545"/>
  <testcase classname="TestScripts.BaseSuiteFile" name="TC04_LoginWithDiffUsers" time="12.238"/>
  <testcase classname="TestScripts.BaseSuiteFile" name="TC04_Test" time="0.001">
    <skipped/>
  </testcase> <!-- TC04_Test -->
  <testcase classname="TestScripts.BaseSuiteFile" name="TC05_RoleBasedSecurity" time="19.311"/>
  <testcase classname="TestScripts.BaseSuiteFile" name="TC06_BusinessRulesAndDecisioning" time="49.621"/>
  <testcase classname="TestScripts.BaseSuiteFile" name="TC06_BusinessRulesAndDecisioning" time="31.732"/>
  <testcase classname="TestScripts.BaseSuiteFile" name="TC07_Reporting" time="15.929">
    <failure type="junit.framework.AssertionFailedError" message="Report Creation Failed org.openqa.selenium.WebDriverException: unknown error: Element &amp;lt;button data-ctl=&amp;quot;&amp;quot; data-click=&amp;quot;[[&amp;amp;quot;processAction&amp;amp;quot;, [&amp;amp;quot;pzNewReportFA7&amp;amp;quot;,&amp;amp;quot;true&amp;amp;quot;,&amp;amp;quot;:event&amp;amp;quot;,&amp;amp;quot;&amp;amp;quot;,&amp;amp;quot;Rule-HTML-Section&amp;amp;quot;,&amp;amp;quot;&amp;amp;quot;,&amp;amp;quot;pyNewReportModalTemplate7&amp;amp;quot;,&amp;amp;quot;anim-bottom&amp;amp;quot;,&amp;amp;quot;anim-bottom&amp;amp;quot;,&amp;amp;quot;Data-Report-Browser&amp;amp;quot;,&amp;amp;quot;Data-Report-Browser&amp;amp;quot;,&amp;amp;quot;false&amp;amp;quot;,&amp;amp;quot;false&amp;amp;quot;]]]&amp;quot; name=&amp;quot;pyCMReportBrowserHeader_D_pzReportBrowser7_4&amp;quot; class=&amp;quot;pzhc pzbutton&amp;quot; type=&amp;quot;button&amp;quot; title=&amp;quot;&amp;quot; alt=&amp;quot;&amp;quot;&amp;gt;...&amp;lt;/button&amp;gt; is not clickable at point (1136, 25). Other element would receive the click: &amp;lt;div class=&amp;quot;modal-align-cell&amp;quot;&amp;gt;...&amp;lt;/div&amp;gt;
  (Session info: chrome=65.0.3325.162)
  (Driver info: chromedriver=2.36.540470 (e522d04694c7ebea4ba8821272dbef4f9b818c91),platform=Windows NT 10.0.16299 x86_64) (WARNING: The server did not provide any stacktrace information)
Command duration or timeout: 0 milliseconds
Build info: version: &amp;apos;3.12.0&amp;apos;, revision: &amp;apos;7c6e0b3&amp;apos;, time: &amp;apos;2018-05-08T14:04:26.12Z&amp;apos;
System info: host: &amp;apos;L-156141652&amp;apos;, ip: &amp;apos;192.168.1.8&amp;apos;, os.name: &amp;apos;Windows 10&amp;apos;, os.arch: &amp;apos;amd64&amp;apos;, os.version: &amp;apos;10.0&amp;apos;, java.version: &amp;apos;10.0.2&amp;apos;
Driver info: org.openqa.selenium.chrome.ChromeDriver
Capabilities {acceptInsecureCerts: false, acceptSslCerts: false, applicationCacheEnabled: false, browserConnectionEnabled: false, browserName: chrome, chrome: {chromedriverVersion: 2.36.540470 (e522d04694c7eb..., userDataDir: C:\Users\sw20041258\AppData...}, cssSelectorsEnabled: true, databaseEnabled: false, handlesAlerts: true, hasTouchScreen: false, javascriptEnabled: true, locationContextEnabled: true, mobileEmulationEnabled: false, nativeEvents: true, networkConnectionEnabled: false, pageLoadStrategy: normal, platform: XP, platformName: XP, rotatable: false, setWindowRect: true, takesHeapSnapshot: true, takesScreenshot: true, unexpectedAlertBehaviour: , unhandledPromptBehavior: , version: 65.0.3325.162, webStorageEnabled: true}
Session ID: 346de8400ccbd4426b9a681b07b72340">
      <![CDATA[junit.framework.AssertionFailedError: Report Creation Failed org.openqa.selenium.WebDriverException: unknown error: Element <button data-ctl="" data-click="[[&quot;processAction&quot;, [&quot;pzNewReportFA7&quot;,&quot;true&quot;,&quot;:event&quot;,&quot;&quot;,&quot;Rule-HTML-Section&quot;,&quot;&quot;,&quot;pyNewReportModalTemplate7&quot;,&quot;anim-bottom&quot;,&quot;anim-bottom&quot;,&quot;Data-Report-Browser&quot;,&quot;Data-Report-Browser&quot;,&quot;false&quot;,&quot;false&quot;]]]" name="pyCMReportBrowserHeader_D_pzReportBrowser7_4" class="pzhc pzbutton" type="button" title="" alt="">...</button> is not clickable at point (1136, 25). Other element would receive the click: <div class="modal-align-cell">...</div>
  (Session info: chrome=65.0.3325.162)
  (Driver info: chromedriver=2.36.540470 (e522d04694c7ebea4ba8821272dbef4f9b818c91),platform=Windows NT 10.0.16299 x86_64) (WARNING: The server did not provide any stacktrace information)
Command duration or timeout: 0 milliseconds
Build info: version: '3.12.0', revision: '7c6e0b3', time: '2018-05-08T14:04:26.12Z'
System info: host: 'L-156141652', ip: '192.168.1.8', os.name: 'Windows 10', os.arch: 'amd64', os.version: '10.0', java.version: '10.0.2'
Driver info: org.openqa.selenium.chrome.ChromeDriver
Capabilities {acceptInsecureCerts: false, acceptSslCerts: false, applicationCacheEnabled: false, browserConnectionEnabled: false, browserName: chrome, chrome: {chromedriverVersion: 2.36.540470 (e522d04694c7eb..., userDataDir: C:\Users\sw20041258\AppData...}, cssSelectorsEnabled: true, databaseEnabled: false, handlesAlerts: true, hasTouchScreen: false, javascriptEnabled: true, locationContextEnabled: true, mobileEmulationEnabled: false, nativeEvents: true, networkConnectionEnabled: false, pageLoadStrategy: normal, platform: XP, platformName: XP, rotatable: false, setWindowRect: true, takesHeapSnapshot: true, takesScreenshot: true, unexpectedAlertBehaviour: , unhandledPromptBehavior: , version: 65.0.3325.162, webStorageEnabled: true}
Session ID: 346de8400ccbd4426b9a681b07b72340
at junit.framework.Assert.fail(Assert.java:47)
at LibraryFiles.ReUsableLibrary.createAReport(ReUsableLibrary.java:1135)
at TestScripts.TC07_Reporting.reporting(TC07_Reporting.java:32)
at TestScripts.BaseSuiteFile.TC07_Reporting(BaseSuiteFile.java:199)
... Removed 25 stack frames]]>
    </failure>
  </testcase> <!-- TC07_Reporting -->
  <testcase classname="TestScripts.BaseSuiteFile" name="TC08_WorkFlowCSV" time="27.39"/>
  <testcase classname="TestScripts.BaseSuiteFile" name="TC09_WorkFlowSSV" time="50.644">
    <failure type="junit.framework.AssertionFailedError" message="Server Side Validations Failedorg.openqa.selenium.NoSuchElementException: no such element: Unable to locate element: {&amp;quot;method&amp;quot;:&amp;quot;id&amp;quot;,&amp;quot;selector&amp;quot;:&amp;quot;FirstName&amp;quot;}
  (Session info: chrome=65.0.3325.162)
  (Driver info: chromedriver=2.36.540470 (e522d04694c7ebea4ba8821272dbef4f9b818c91),platform=Windows NT 10.0.16299 x86_64) (WARNING: The server did not provide any stacktrace information)
Command duration or timeout: 0 milliseconds
For documentation on this error, please visit: http://seleniumhq.org/exceptions/no_such_element.html
Build info: version: &amp;apos;3.12.0&amp;apos;, revision: &amp;apos;7c6e0b3&amp;apos;, time: &amp;apos;2018-05-08T14:04:26.12Z&amp;apos;
System info: host: &amp;apos;L-156141652&amp;apos;, ip: &amp;apos;192.168.1.8&amp;apos;, os.name: &amp;apos;Windows 10&amp;apos;, os.arch: &amp;apos;amd64&amp;apos;, os.version: &amp;apos;10.0&amp;apos;, java.version: &amp;apos;10.0.2&amp;apos;
Driver info: org.openqa.selenium.chrome.ChromeDriver
Capabilities {acceptInsecureCerts: false, acceptSslCerts: false, applicationCacheEnabled: false, browserConnectionEnabled: false, browserName: chrome, chrome: {chromedriverVersion: 2.36.540470 (e522d04694c7eb..., userDataDir: C:\Users\sw20041258\AppData...}, cssSelectorsEnabled: true, databaseEnabled: false, handlesAlerts: true, hasTouchScreen: false, javascriptEnabled: true, locationContextEnabled: true, mobileEmulationEnabled: false, nativeEvents: true, networkConnectionEnabled: false, pageLoadStrategy: normal, platform: XP, platformName: XP, rotatable: false, setWindowRect: true, takesHeapSnapshot: true, takesScreenshot: true, unexpectedAlertBehaviour: , unhandledPromptBehavior: , version: 65.0.3325.162, webStorageEnabled: true}
Session ID: b51af62aa6048059a3e6ac76de650b5b
*** Element info: {Using=id, value=FirstName}">
      <![CDATA[junit.framework.AssertionFailedError: Server Side Validations Failedorg.openqa.selenium.NoSuchElementException: no such element: Unable to locate element: {"method":"id","selector":"FirstName"}
  (Session info: chrome=65.0.3325.162)
  (Driver info: chromedriver=2.36.540470 (e522d04694c7ebea4ba8821272dbef4f9b818c91),platform=Windows NT 10.0.16299 x86_64) (WARNING: The server did not provide any stacktrace information)
Command duration or timeout: 0 milliseconds
For documentation on this error, please visit: http://seleniumhq.org/exceptions/no_such_element.html
Build info: version: '3.12.0', revision: '7c6e0b3', time: '2018-05-08T14:04:26.12Z'
System info: host: 'L-156141652', ip: '192.168.1.8', os.name: 'Windows 10', os.arch: 'amd64', os.version: '10.0', java.version: '10.0.2'
Driver info: org.openqa.selenium.chrome.ChromeDriver
Capabilities {acceptInsecureCerts: false, acceptSslCerts: false, applicationCacheEnabled: false, browserConnectionEnabled: false, browserName: chrome, chrome: {chromedriverVersion: 2.36.540470 (e522d04694c7eb..., userDataDir: C:\Users\sw20041258\AppData...}, cssSelectorsEnabled: true, databaseEnabled: false, handlesAlerts: true, hasTouchScreen: false, javascriptEnabled: true, locationContextEnabled: true, mobileEmulationEnabled: false, nativeEvents: true, networkConnectionEnabled: false, pageLoadStrategy: normal, platform: XP, platformName: XP, rotatable: false, setWindowRect: true, takesHeapSnapshot: true, takesScreenshot: true, unexpectedAlertBehaviour: , unhandledPromptBehavior: , version: 65.0.3325.162, webStorageEnabled: true}
Session ID: b51af62aa6048059a3e6ac76de650b5b
*** Element info: {Using=id, value=FirstName}
at junit.framework.Assert.fail(Assert.java:47)
at LibraryFiles.ReUsableLibrary.serverSideValidations(ReUsableLibrary.java:1261)
at TestScripts.TC09_WorkFlowSSV.SSV(TC09_WorkFlowSSV.java:13)
at TestScripts.BaseSuiteFile.TC09_WorkFlowSSV(BaseSuiteFile.java:209)
... Removed 25 stack frames]]>
    </failure>
  </testcase> <!-- TC09_WorkFlowSSV -->
  <testcase classname="TestScripts.BaseSuiteFile" name="TC10_validateSLA" time="100.991"/>
  <testcase classname="TestScripts.BaseSuiteFile" name="TC11_E2EFlowInMultiBrowsers" time="10.351"/>
  <testcase classname="TestScripts.BaseSuiteFile" name="TC12_SkillBasedRouting" time="0.001"/>
  <testcase classname="TestScripts.BaseSuiteFile" name="TC13_GetNextWork" time="0.0"/>
  <testcase classname="TestScripts.BaseSuiteFile" name="TC14_WorkBaskets" time="0.001"/>
</testsuite> <!-- Chrome Test -->
