<?xml version="1.0" encoding="UTF-8"?>
<!-- Generated by org.testng.reporters.JUnitXMLReporter -->
<testsuite ignored="0" hostname="L-156141652" failures="4" tests="18" name="Firefox Test" time="663.118" errors="0" timestamp="07 Nov 2018 07:22:46 GMT">
  <testcase classname="TestScripts.BaseSuiteFile" name="TC01_UserLogin" time="4.155"/>
  <testcase classname="TestScripts.BaseSuiteFile" name="TC02_ManagerLogin" time="5.118"/>
  <testcase classname="TestScripts.BaseSuiteFile" name="TC03_NewUserE2EFlow" time="12.302"/>
  <testcase classname="TestScripts.BaseSuiteFile" name="TC04_LoginWithDiffUsers" time="11.418"/>
  <testcase classname="TestScripts.BaseSuiteFile" name="TC04_LoginWithDiffUsers" time="8.212"/>
  <testcase classname="TestScripts.BaseSuiteFile" name="TC04_LoginWithDiffUsers" time="8.539"/>
  <testcase classname="TestScripts.BaseSuiteFile" name="TC04_Test" time="0.004">
    <skipped/>
  </testcase> <!-- TC04_Test -->
  <testcase classname="TestScripts.BaseSuiteFile" name="TC05_RoleBasedSecurity" time="7.262">
    <failure type="java.lang.AssertionError" message="expected [true] but found [false]">
      <![CDATA[java.lang.AssertionError: expected [true] but found [false]
at TestScripts.TC05_RoleBasedSecurity.roleBasedSecurity(TC05_RoleBasedSecurity.java:22)
at TestScripts.BaseSuiteFile.TC05_RoleBasedSecurity(BaseSuiteFile.java:189)
... Removed 31 stack frames]]>
    </failure>
  </testcase> <!-- TC05_RoleBasedSecurity -->
  <testcase classname="TestScripts.BaseSuiteFile" name="TC06_BusinessRulesAndDecisioning" time="61.332">
    <failure type="junit.framework.AssertionFailedError" message="Application LogOut Failedorg.openqa.selenium.TimeoutException: Expected condition failed: waiting for presence of element located by: By.xpath: //span[text()=&amp;apos;Log off&amp;apos;] (tried for 30 second(s) with 500 milliseconds interval)">
      <![CDATA[junit.framework.AssertionFailedError: Application LogOut Failedorg.openqa.selenium.TimeoutException: Expected condition failed: waiting for presence of element located by: By.xpath: //span[text()='Log off'] (tried for 30 second(s) with 500 milliseconds interval)
at junit.framework.Assert.fail(Assert.java:47)
at LibraryFiles.ReUsableLibrary.LogOut(ReUsableLibrary.java:975)
at TestScripts.TC06_BusinessRulesAndDecisioning.businessRulesAndDecisioning(TC06_BusinessRulesAndDecisioning.java:66)
at TestScripts.BaseSuiteFile.TC06_BusinessRulesAndDecisioning(BaseSuiteFile.java:194)
... Removed 25 stack frames]]>
    </failure>
  </testcase> <!-- TC06_BusinessRulesAndDecisioning -->
  <testcase classname="TestScripts.BaseSuiteFile" name="TC06_BusinessRulesAndDecisioning" time="59.122">
    <failure type="junit.framework.AssertionFailedError" message="Application LogOut Failedorg.openqa.selenium.TimeoutException: Expected condition failed: waiting for presence of element located by: By.xpath: //span[text()=&amp;apos;Log off&amp;apos;] (tried for 30 second(s) with 500 milliseconds interval)">
      <![CDATA[junit.framework.AssertionFailedError: Application LogOut Failedorg.openqa.selenium.TimeoutException: Expected condition failed: waiting for presence of element located by: By.xpath: //span[text()='Log off'] (tried for 30 second(s) with 500 milliseconds interval)
at junit.framework.Assert.fail(Assert.java:47)
at LibraryFiles.ReUsableLibrary.LogOut(ReUsableLibrary.java:975)
at TestScripts.TC06_BusinessRulesAndDecisioning.businessRulesAndDecisioning(TC06_BusinessRulesAndDecisioning.java:66)
at TestScripts.BaseSuiteFile.TC06_BusinessRulesAndDecisioning(BaseSuiteFile.java:194)
... Removed 25 stack frames]]>
    </failure>
  </testcase> <!-- TC06_BusinessRulesAndDecisioning -->
  <testcase classname="TestScripts.BaseSuiteFile" name="TC07_Reporting" time="15.342">
    <failure type="junit.framework.AssertionFailedError" message="Report Creation Failed org.openqa.selenium.ElementClickInterceptedException: Element &amp;lt;button class=&amp;quot;pzhc pzbutton&amp;quot; name=&amp;quot;pyCMReportBrowserHeader_D_pzReportBrowser7_4&amp;quot; type=&amp;quot;button&amp;quot;&amp;gt; is not clickable at point (1136.5,25) because another element &amp;lt;div class=&amp;quot;modal-align-cell&amp;quot;&amp;gt; obscures it
Build info: version: &amp;apos;3.12.0&amp;apos;, revision: &amp;apos;7c6e0b3&amp;apos;, time: &amp;apos;2018-05-08T14:04:26.12Z&amp;apos;
System info: host: &amp;apos;L-156141652&amp;apos;, ip: &amp;apos;192.168.1.8&amp;apos;, os.name: &amp;apos;Windows 10&amp;apos;, os.arch: &amp;apos;amd64&amp;apos;, os.version: &amp;apos;10.0&amp;apos;, java.version: &amp;apos;10.0.2&amp;apos;
Driver info: org.openqa.selenium.firefox.FirefoxDriver
Capabilities {acceptInsecureCerts: true, browserName: firefox, browserVersion: 61.0, javascriptEnabled: true, moz:accessibilityChecks: false, moz:geckodriverVersion: 0.22.0, moz:headless: false, moz:processID: 106860, moz:profile: C:\Users\sw20041258\AppData..., moz:useNonSpecCompliantPointerOrigin: false, moz:webdriverClick: true, pageLoadStrategy: normal, platform: XP, platformName: XP, platformVersion: 10.0, rotatable: false, timeouts: {implicit: 0, pageLoad: 300000, script: 30000}}
Session ID: b82c674d-726f-4ed8-889b-d79978f4de18">
      <![CDATA[junit.framework.AssertionFailedError: Report Creation Failed org.openqa.selenium.ElementClickInterceptedException: Element <button class="pzhc pzbutton" name="pyCMReportBrowserHeader_D_pzReportBrowser7_4" type="button"> is not clickable at point (1136.5,25) because another element <div class="modal-align-cell"> obscures it
Build info: version: '3.12.0', revision: '7c6e0b3', time: '2018-05-08T14:04:26.12Z'
System info: host: 'L-156141652', ip: '192.168.1.8', os.name: 'Windows 10', os.arch: 'amd64', os.version: '10.0', java.version: '10.0.2'
Driver info: org.openqa.selenium.firefox.FirefoxDriver
Capabilities {acceptInsecureCerts: true, browserName: firefox, browserVersion: 61.0, javascriptEnabled: true, moz:accessibilityChecks: false, moz:geckodriverVersion: 0.22.0, moz:headless: false, moz:processID: 106860, moz:profile: C:\Users\sw20041258\AppData..., moz:useNonSpecCompliantPointerOrigin: false, moz:webdriverClick: true, pageLoadStrategy: normal, platform: XP, platformName: XP, platformVersion: 10.0, rotatable: false, timeouts: {implicit: 0, pageLoad: 300000, script: 30000}}
Session ID: b82c674d-726f-4ed8-889b-d79978f4de18
at junit.framework.Assert.fail(Assert.java:47)
at LibraryFiles.ReUsableLibrary.createAReport(ReUsableLibrary.java:1135)
at TestScripts.TC07_Reporting.reporting(TC07_Reporting.java:32)
at TestScripts.BaseSuiteFile.TC07_Reporting(BaseSuiteFile.java:199)
... Removed 25 stack frames]]>
    </failure>
  </testcase> <!-- TC07_Reporting -->
  <testcase classname="TestScripts.BaseSuiteFile" name="TC08_WorkFlowCSV" time="27.357"/>
  <testcase classname="TestScripts.BaseSuiteFile" name="TC09_WorkFlowSSV" time="29.422"/>
  <testcase classname="TestScripts.BaseSuiteFile" name="TC10_validateSLA" time="100.862"/>
  <testcase classname="TestScripts.BaseSuiteFile" name="TC11_E2EFlowInMultiBrowsers" time="13.492"/>
  <testcase classname="TestScripts.BaseSuiteFile" name="TC12_SkillBasedRouting" time="0.003"/>
  <testcase classname="TestScripts.BaseSuiteFile" name="TC13_GetNextWork" time="0.004"/>
  <testcase classname="TestScripts.BaseSuiteFile" name="TC14_WorkBaskets" time="0.004"/>
</testsuite> <!-- Firefox Test -->
