<?xml version="1.0" encoding="UTF-8"?>
<!-- Generated by org.testng.reporters.JUnitXMLReporter -->
<testsuite ignored="0" hostname="L-156141652" failures="6" tests="18" name="PhantomJS Test" time="560.474" errors="0" timestamp="07 Nov 2018 07:39:05 GMT">
  <testcase classname="TestScripts.BaseSuiteFile" name="TC01_UserLogin" time="7.425"/>
  <testcase classname="TestScripts.BaseSuiteFile" name="TC02_ManagerLogin" time="4.697"/>
  <testcase classname="TestScripts.BaseSuiteFile" name="TC03_NewUserE2EFlow" time="71.276">
    <failure type="junit.framework.AssertionFailedError" message="Decisions are NOT correctly displayed in Approval Pageorg.openqa.selenium.TimeoutException: Expected condition failed: waiting for presence of element located by: By.xpath: //b[text()=&amp;apos;Customer Data Source&amp;apos;] (tried for 60 second(s) with 500 milliseconds interval)">
      <![CDATA[junit.framework.AssertionFailedError: Decisions are NOT correctly displayed in Approval Pageorg.openqa.selenium.TimeoutException: Expected condition failed: waiting for presence of element located by: By.xpath: //b[text()='Customer Data Source'] (tried for 60 second(s) with 500 milliseconds interval)
at junit.framework.Assert.fail(Assert.java:47)
at TestScripts.TC03_NewUserE2EFlow.NewUserE2EFlow(TC03_NewUserE2EFlow.java:80)
at TestScripts.BaseSuiteFile.TC03_NewUserE2EFlow(BaseSuiteFile.java:179)
... Removed 25 stack frames]]>
    </failure>
  </testcase> <!-- TC03_NewUserE2EFlow -->
  <testcase classname="TestScripts.BaseSuiteFile" name="TC04_LoginWithDiffUsers" time="10.243"/>
  <testcase classname="TestScripts.BaseSuiteFile" name="TC04_LoginWithDiffUsers" time="17.383"/>
  <testcase classname="TestScripts.BaseSuiteFile" name="TC04_LoginWithDiffUsers" time="12.351"/>
  <testcase classname="TestScripts.BaseSuiteFile" name="TC04_Test" time="0.005">
    <skipped/>
  </testcase> <!-- TC04_Test -->
  <testcase classname="TestScripts.BaseSuiteFile" name="TC05_RoleBasedSecurity" time="6.103">
    <failure type="java.lang.AssertionError" message="expected [true] but found [false]">
      <![CDATA[java.lang.AssertionError: expected [true] but found [false]
at TestScripts.TC05_RoleBasedSecurity.roleBasedSecurity(TC05_RoleBasedSecurity.java:22)
at TestScripts.BaseSuiteFile.TC05_RoleBasedSecurity(BaseSuiteFile.java:189)
... Removed 31 stack frames]]>
    </failure>
  </testcase> <!-- TC05_RoleBasedSecurity -->
  <testcase classname="TestScripts.BaseSuiteFile" name="TC06_BusinessRulesAndDecisioning" time="49.045"/>
  <testcase classname="TestScripts.BaseSuiteFile" name="TC06_BusinessRulesAndDecisioning" time="49.54"/>
  <testcase classname="TestScripts.BaseSuiteFile" name="TC07_Reporting" time="74.416">
    <failure type="java.lang.AssertionError" message="Reporting Failedorg.openqa.selenium.TimeoutException: Expected condition failed: waiting for presence of element located by: By.xpath: //h2[text()=&amp;apos;Private categories&amp;apos;] (tried for 60 second(s) with 500 milliseconds interval)">
      <![CDATA[java.lang.AssertionError: Reporting Failedorg.openqa.selenium.TimeoutException: Expected condition failed: waiting for presence of element located by: By.xpath: //h2[text()='Private categories'] (tried for 60 second(s) with 500 milliseconds interval)
at TestScripts.TC07_Reporting.reporting(TC07_Reporting.java:35)
at TestScripts.BaseSuiteFile.TC07_Reporting(BaseSuiteFile.java:199)
... Removed 26 stack frames]]>
    </failure>
  </testcase> <!-- TC07_Reporting -->
  <testcase classname="TestScripts.BaseSuiteFile" name="TC08_WorkFlowCSV" time="29.094">
    <failure type="junit.framework.AssertionFailedError" message="Client Side Validations Failedorg.openqa.selenium.UnsupportedCommandException: Invalid Command Method - {&amp;quot;headers&amp;quot;:{&amp;quot;Accept-Encoding&amp;quot;:&amp;quot;gzip&amp;quot;,&amp;quot;Cache-Control&amp;quot;:&amp;quot;no-cache&amp;quot;,&amp;quot;Connection&amp;quot;:&amp;quot;Keep-Alive&amp;quot;,&amp;quot;Host&amp;quot;:&amp;quot;localhost:12735&amp;quot;,&amp;quot;User-Agent&amp;quot;:&amp;quot;selenium/3.12.0 (java windows)&amp;quot;},&amp;quot;httpVersion&amp;quot;:&amp;quot;1.1&amp;quot;,&amp;quot;method&amp;quot;:&amp;quot;GET&amp;quot;,&amp;quot;url&amp;quot;:&amp;quot;/alert_text&amp;quot;,&amp;quot;urlParsed&amp;quot;:{&amp;quot;anchor&amp;quot;:&amp;quot;&amp;quot;,&amp;quot;query&amp;quot;:&amp;quot;&amp;quot;,&amp;quot;file&amp;quot;:&amp;quot;alert_text&amp;quot;,&amp;quot;directory&amp;quot;:&amp;quot;/&amp;quot;,&amp;quot;path&amp;quot;:&amp;quot;/alert_text&amp;quot;,&amp;quot;relative&amp;quot;:&amp;quot;/alert_text&amp;quot;,&amp;quot;port&amp;quot;:&amp;quot;&amp;quot;,&amp;quot;host&amp;quot;:&amp;quot;&amp;quot;,&amp;quot;password&amp;quot;:&amp;quot;&amp;quot;,&amp;quot;user&amp;quot;:&amp;quot;&amp;quot;,&amp;quot;userInfo&amp;quot;:&amp;quot;&amp;quot;,&amp;quot;authority&amp;quot;:&amp;quot;&amp;quot;,&amp;quot;protocol&amp;quot;:&amp;quot;&amp;quot;,&amp;quot;source&amp;quot;:&amp;quot;/alert_text&amp;quot;,&amp;quot;queryKey&amp;quot;:{},&amp;quot;chunks&amp;quot;:[&amp;quot;alert_text&amp;quot;]},&amp;quot;urlOriginal&amp;quot;:&amp;quot;/session/adc74b90-e25f-11e8-9124-e19998642539/alert_text&amp;quot;}
Command duration or timeout: 3 milliseconds
Build info: version: &amp;apos;3.12.0&amp;apos;, revision: &amp;apos;7c6e0b3&amp;apos;, time: &amp;apos;2018-05-08T14:04:26.12Z&amp;apos;
System info: host: &amp;apos;L-156141652&amp;apos;, ip: &amp;apos;192.168.1.8&amp;apos;, os.name: &amp;apos;Windows 10&amp;apos;, os.arch: &amp;apos;amd64&amp;apos;, os.version: &amp;apos;10.0&amp;apos;, java.version: &amp;apos;10.0.2&amp;apos;
Driver info: org.openqa.selenium.phantomjs.PhantomJSDriver
Capabilities {acceptSslCerts: false, applicationCacheEnabled: false, browserConnectionEnabled: false, browserName: phantomjs, cssSelectorsEnabled: true, databaseEnabled: false, driverName: ghostdriver, driverVersion: 1.2.0, handlesAlerts: false, javascriptEnabled: true, locationContextEnabled: false, nativeEvents: true, platform: XP, platformName: XP, proxy: Proxy(direct), rotatable: false, takesScreenshot: true, version: 2.1.1, webStorageEnabled: false}
Session ID: adc74b90-e25f-11e8-9124-e19998642539">
      <![CDATA[junit.framework.AssertionFailedError: Client Side Validations Failedorg.openqa.selenium.UnsupportedCommandException: Invalid Command Method - {"headers":{"Accept-Encoding":"gzip","Cache-Control":"no-cache","Connection":"Keep-Alive","Host":"localhost:12735","User-Agent":"selenium/3.12.0 (java windows)"},"httpVersion":"1.1","method":"GET","url":"/alert_text","urlParsed":{"anchor":"","query":"","file":"alert_text","directory":"/","path":"/alert_text","relative":"/alert_text","port":"","host":"","password":"","user":"","userInfo":"","authority":"","protocol":"","source":"/alert_text","queryKey":{},"chunks":["alert_text"]},"urlOriginal":"/session/adc74b90-e25f-11e8-9124-e19998642539/alert_text"}
Command duration or timeout: 3 milliseconds
Build info: version: '3.12.0', revision: '7c6e0b3', time: '2018-05-08T14:04:26.12Z'
System info: host: 'L-156141652', ip: '192.168.1.8', os.name: 'Windows 10', os.arch: 'amd64', os.version: '10.0', java.version: '10.0.2'
Driver info: org.openqa.selenium.phantomjs.PhantomJSDriver
Capabilities {acceptSslCerts: false, applicationCacheEnabled: false, browserConnectionEnabled: false, browserName: phantomjs, cssSelectorsEnabled: true, databaseEnabled: false, driverName: ghostdriver, driverVersion: 1.2.0, handlesAlerts: false, javascriptEnabled: true, locationContextEnabled: false, nativeEvents: true, platform: XP, platformName: XP, proxy: Proxy(direct), rotatable: false, takesScreenshot: true, version: 2.1.1, webStorageEnabled: false}
Session ID: adc74b90-e25f-11e8-9124-e19998642539
at junit.framework.Assert.fail(Assert.java:47)
at LibraryFiles.ReUsableLibrary.clientSideValidations(ReUsableLibrary.java:1193)
at TestScripts.TC08_WorkFlowCSV.CSV(TC08_WorkFlowCSV.java:13)
at TestScripts.BaseSuiteFile.TC08_WorkFlowCSV(BaseSuiteFile.java:204)
... Removed 25 stack frames]]>
    </failure>
  </testcase> <!-- TC08_WorkFlowCSV -->
  <testcase classname="TestScripts.BaseSuiteFile" name="TC09_WorkFlowSSV" time="52.158">
    <failure type="junit.framework.AssertionFailedError" message="Server Side Validations Failedorg.openqa.selenium.NoSuchElementException: {&amp;quot;errorMessage&amp;quot;:&amp;quot;Unable to find element with id &amp;apos;FirstName&amp;apos;&amp;quot;,&amp;quot;request&amp;quot;:{&amp;quot;headers&amp;quot;:{&amp;quot;Accept-Encoding&amp;quot;:&amp;quot;gzip&amp;quot;,&amp;quot;Connection&amp;quot;:&amp;quot;Keep-Alive&amp;quot;,&amp;quot;Content-Length&amp;quot;:&amp;quot;34&amp;quot;,&amp;quot;Content-Type&amp;quot;:&amp;quot;application/json; charset=utf-8&amp;quot;,&amp;quot;Host&amp;quot;:&amp;quot;localhost:46473&amp;quot;,&amp;quot;User-Agent&amp;quot;:&amp;quot;selenium/3.12.0 (java windows)&amp;quot;},&amp;quot;httpVersion&amp;quot;:&amp;quot;1.1&amp;quot;,&amp;quot;method&amp;quot;:&amp;quot;POST&amp;quot;,&amp;quot;post&amp;quot;:&amp;quot;{\&amp;quot;using\&amp;quot;:\&amp;quot;id\&amp;quot;,\&amp;quot;value\&amp;quot;:\&amp;quot;FirstName\&amp;quot;}&amp;quot;,&amp;quot;url&amp;quot;:&amp;quot;/element&amp;quot;,&amp;quot;urlParsed&amp;quot;:{&amp;quot;anchor&amp;quot;:&amp;quot;&amp;quot;,&amp;quot;query&amp;quot;:&amp;quot;&amp;quot;,&amp;quot;file&amp;quot;:&amp;quot;element&amp;quot;,&amp;quot;directory&amp;quot;:&amp;quot;/&amp;quot;,&amp;quot;path&amp;quot;:&amp;quot;/element&amp;quot;,&amp;quot;relative&amp;quot;:&amp;quot;/element&amp;quot;,&amp;quot;port&amp;quot;:&amp;quot;&amp;quot;,&amp;quot;host&amp;quot;:&amp;quot;&amp;quot;,&amp;quot;password&amp;quot;:&amp;quot;&amp;quot;,&amp;quot;user&amp;quot;:&amp;quot;&amp;quot;,&amp;quot;userInfo&amp;quot;:&amp;quot;&amp;quot;,&amp;quot;authority&amp;quot;:&amp;quot;&amp;quot;,&amp;quot;protocol&amp;quot;:&amp;quot;&amp;quot;,&amp;quot;source&amp;quot;:&amp;quot;/element&amp;quot;,&amp;quot;queryKey&amp;quot;:{},&amp;quot;chunks&amp;quot;:[&amp;quot;element&amp;quot;]},&amp;quot;urlOriginal&amp;quot;:&amp;quot;/session/c08f7e00-e25f-11e8-a48a-67b03460ee58/element&amp;quot;}}
Command duration or timeout: 0 milliseconds">
      <![CDATA[junit.framework.AssertionFailedError: Server Side Validations Failedorg.openqa.selenium.NoSuchElementException: {"errorMessage":"Unable to find element with id 'FirstName'","request":{"headers":{"Accept-Encoding":"gzip","Connection":"Keep-Alive","Content-Length":"34","Content-Type":"application/json; charset=utf-8","Host":"localhost:46473","User-Agent":"selenium/3.12.0 (java windows)"},"httpVersion":"1.1","method":"POST","post":"{\"using\":\"id\",\"value\":\"FirstName\"}","url":"/element","urlParsed":{"anchor":"","query":"","file":"element","directory":"/","path":"/element","relative":"/element","port":"","host":"","password":"","user":"","userInfo":"","authority":"","protocol":"","source":"/element","queryKey":{},"chunks":["element"]},"urlOriginal":"/session/c08f7e00-e25f-11e8-a48a-67b03460ee58/element"}}
Command duration or timeout: 0 milliseconds
at junit.framework.Assert.fail(Assert.java:47)
at LibraryFiles.ReUsableLibrary.serverSideValidations(ReUsableLibrary.java:1261)
at TestScripts.TC09_WorkFlowSSV.SSV(TC09_WorkFlowSSV.java:13)
at TestScripts.BaseSuiteFile.TC09_WorkFlowSSV(BaseSuiteFile.java:209)
... Removed 25 stack frames]]>
    </failure>
  </testcase> <!-- TC09_WorkFlowSSV -->
  <testcase classname="TestScripts.BaseSuiteFile" name="TC10_validateSLA" time="108.129"/>
  <testcase classname="TestScripts.BaseSuiteFile" name="TC11_E2EFlowInMultiBrowsers" time="21.582">
    <failure type="junit.framework.AssertionFailedError" message="Decisions are NOT correctly displayed in Approval Pageorg.openqa.selenium.NoSuchElementException: {&amp;quot;errorMessage&amp;quot;:&amp;quot;Unable to find element with xpath &amp;apos;//a[text()=&amp;apos;3&amp;apos;]&amp;apos;&amp;quot;,&amp;quot;request&amp;quot;:{&amp;quot;headers&amp;quot;:{&amp;quot;Accept-Encoding&amp;quot;:&amp;quot;gzip&amp;quot;,&amp;quot;Connection&amp;quot;:&amp;quot;Keep-Alive&amp;quot;,&amp;quot;Content-Length&amp;quot;:&amp;quot;43&amp;quot;,&amp;quot;Content-Type&amp;quot;:&amp;quot;application/json; charset=utf-8&amp;quot;,&amp;quot;Host&amp;quot;:&amp;quot;localhost:22746&amp;quot;,&amp;quot;User-Agent&amp;quot;:&amp;quot;selenium/3.12.0 (java windows)&amp;quot;},&amp;quot;httpVersion&amp;quot;:&amp;quot;1.1&amp;quot;,&amp;quot;method&amp;quot;:&amp;quot;POST&amp;quot;,&amp;quot;post&amp;quot;:&amp;quot;{\&amp;quot;using\&amp;quot;:\&amp;quot;xpath\&amp;quot;,\&amp;quot;value\&amp;quot;:\&amp;quot;//a[text()=&amp;apos;3&amp;apos;]\&amp;quot;}&amp;quot;,&amp;quot;url&amp;quot;:&amp;quot;/element&amp;quot;,&amp;quot;urlParsed&amp;quot;:{&amp;quot;anchor&amp;quot;:&amp;quot;&amp;quot;,&amp;quot;query&amp;quot;:&amp;quot;&amp;quot;,&amp;quot;file&amp;quot;:&amp;quot;element&amp;quot;,&amp;quot;directory&amp;quot;:&amp;quot;/&amp;quot;,&amp;quot;path&amp;quot;:&amp;quot;/element&amp;quot;,&amp;quot;relative&amp;quot;:&amp;quot;/element&amp;quot;,&amp;quot;port&amp;quot;:&amp;quot;&amp;quot;,&amp;quot;host&amp;quot;:&amp;quot;&amp;quot;,&amp;quot;password&amp;quot;:&amp;quot;&amp;quot;,&amp;quot;user&amp;quot;:&amp;quot;&amp;quot;,&amp;quot;userInfo&amp;quot;:&amp;quot;&amp;quot;,&amp;quot;authority&amp;quot;:&amp;quot;&amp;quot;,&amp;quot;protocol&amp;quot;:&amp;quot;&amp;quot;,&amp;quot;source&amp;quot;:&amp;quot;/element&amp;quot;,&amp;quot;queryKey&amp;quot;:{},&amp;quot;chunks&amp;quot;:[&amp;quot;element&amp;quot;]},&amp;quot;urlOriginal&amp;quot;:&amp;quot;/session/2318b640-e260-11e8-8bc5-35336f08bbc3/element&amp;quot;}}
Command duration or timeout: 0 milliseconds">
      <![CDATA[junit.framework.AssertionFailedError: Decisions are NOT correctly displayed in Approval Pageorg.openqa.selenium.NoSuchElementException: {"errorMessage":"Unable to find element with xpath '//a[text()='3']'","request":{"headers":{"Accept-Encoding":"gzip","Connection":"Keep-Alive","Content-Length":"43","Content-Type":"application/json; charset=utf-8","Host":"localhost:22746","User-Agent":"selenium/3.12.0 (java windows)"},"httpVersion":"1.1","method":"POST","post":"{\"using\":\"xpath\",\"value\":\"//a[text()='3']\"}","url":"/element","urlParsed":{"anchor":"","query":"","file":"element","directory":"/","path":"/element","relative":"/element","port":"","host":"","password":"","user":"","userInfo":"","authority":"","protocol":"","source":"/element","queryKey":{},"chunks":["element"]},"urlOriginal":"/session/2318b640-e260-11e8-8bc5-35336f08bbc3/element"}}
Command duration or timeout: 0 milliseconds
at junit.framework.Assert.fail(Assert.java:47)
at TestScripts.TC11_E2EFlowInMultiBrowsers.e2eFlowInMultiBrowsers(TC11_E2EFlowInMultiBrowsers.java:79)
at TestScripts.BaseSuiteFile.TC11_E2EFlowInMultiBrowsers(BaseSuiteFile.java:219)
... Removed 25 stack frames]]>
    </failure>
  </testcase> <!-- TC11_E2EFlowInMultiBrowsers -->
  <testcase classname="TestScripts.BaseSuiteFile" name="TC12_SkillBasedRouting" time="0.0"/>
  <testcase classname="TestScripts.BaseSuiteFile" name="TC13_GetNextWork" time="0.0"/>
  <testcase classname="TestScripts.BaseSuiteFile" name="TC14_WorkBaskets" time="0.0"/>
</testsuite> <!-- PhantomJS Test -->
